# JRE version: Java(TM) SE Runtime Environment (7.0_80-b15) (build 1.7.0_80-b15)
# Java VM: Java HotSpot(TM) 64-Bit Server VM (24.80-b11 mixed mode windows-amd64 compressed oops)
Heap
 PSYoungGen      total 660992K, used 4863K [0x00000007d5d00000, 0x00000007ffe80000, 0x0000000800000000)
  eden space 634880K, 0% used [0x00000007d5d00000,0x00000007d61bfe58,0x00000007fc900000)
  from space 26112K, 0% used [0x00000007fc900000,0x00000007fc900000,0x00000007fe280000)
  to   space 25088K, 0% used [0x00000007fe600000,0x00000007fe600000,0x00000007ffe80000)
 ParOldGen       total 1381376K, used 45293K [0x0000000781800000, 0x00000007d5d00000, 0x00000007d5d00000)
  object space 1381376K, 3% used [0x0000000781800000,0x000000078443b718,0x00000007d5d00000)
 PSPermGen       total 83968K, used 83965K [0x000000077c600000, 0x0000000781800000, 0x0000000781800000)
  object space 83968K, 99% used [0x000000077c600000,0x00000007817ff7e0,0x0000000781800000)
GC Heap History (10 events):
Event: 17911.949 GC heap before
{Heap before GC invocations=31 (full 10):
 PSYoungGen      total 659456K, used 0K [0x00000007d5d00000, 0x00000007ffe00000, 0x0000000800000000)
  eden space 630784K, 0% used [0x00000007d5d00000,0x00000007d5d00000,0x00000007fc500000)
  from space 28672K, 0% used [0x00000007fc500000,0x00000007fc500000,0x00000007fe100000)
  to   space 27648K, 0% used [0x00000007fe300000,0x00000007fe300000,0x00000007ffe00000)
 ParOldGen       total 882688K, used 45293K [0x0000000781800000, 0x00000007b7600000, 0x00000007d5d00000)
  object space 882688K, 5% used [0x0000000781800000,0x000000078443b718,0x00000007b7600000)
 PSPermGen       total 83968K, used 83967K [0x000000077c600000, 0x0000000781800000, 0x0000000781800000)
  object space 83968K, 99% used [0x000000077c600000,0x00000007817fff88,0x0000000781800000)
Event: 17912.174 GC heap after
Heap after GC invocations=31 (full 10):
 PSYoungGen      total 659456K, used 0K [0x00000007d5d00000, 0x00000007ffe00000, 0x0000000800000000)
  eden space 630784K, 0% used [0x00000007d5d00000,0x00000007d5d00000,0x00000007fc500000)
  from space 28672K, 0% used [0x00000007fc500000,0x00000007fc500000,0x00000007fe100000)
  to   space 27648K, 0% used [0x00000007fe300000,0x00000007fe300000,0x00000007ffe00000)
 ParOldGen       total 1084928K, used 45293K [0x0000000781800000, 0x00000007c3b80000, 0x00000007d5d00000)
  object space 1084928K, 4% used [0x0000000781800000,0x000000078443b718,0x00000007c3b80000)
 PSPermGen       total 83968K, used 83952K [0x000000077c600000, 0x0000000781800000, 0x0000000781800000)
  object space 83968K, 99% used [0x000000077c600000,0x00000007817fc248,0x0000000781800000)
}
Event: 17912.175 GC heap before
{Heap before GC invocations=32 (full 10):
 PSYoungGen      total 659456K, used 6434K [0x00000007d5d00000, 0x00000007ffe00000, 0x0000000800000000)
  eden space 630784K, 1% used [0x00000007d5d00000,0x00000007d6348810,0x00000007fc500000)
  from space 28672K, 0% used [0x00000007fc500000,0x00000007fc500000,0x00000007fe100000)
  to   space 27648K, 0% used [0x00000007fe300000,0x00000007fe300000,0x00000007ffe00000)
 ParOldGen       total 1084928K, used 45293K [0x0000000781800000, 0x00000007c3b80000, 0x00000007d5d00000)
  object space 1084928K, 4% used [0x0000000781800000,0x000000078443b718,0x00000007c3b80000)
 PSPermGen       total 83968K, used 83966K [0x000000077c600000, 0x0000000781800000, 0x0000000781800000)
  object space 83968K, 99% used [0x000000077c600000,0x00000007817ff800,0x0000000781800000)
Event: 17912.179 GC heap after
Heap after GC invocations=32 (full 10):
 PSYoungGen      total 660480K, used 0K [0x00000007d5d00000, 0x00000007ffc00000, 0x0000000800000000)
  eden space 634880K, 0% used [0x00000007d5d00000,0x00000007d5d00000,0x00000007fc900000)
  from space 25600K, 0% used [0x00000007fe300000,0x00000007fe300000,0x00000007ffc00000)
  to   space 26112K, 0% used [0x00000007fc900000,0x00000007fc900000,0x00000007fe280000)
 ParOldGen       total 1084928K, used 45293K [0x0000000781800000, 0x00000007c3b80000, 0x00000007d5d00000)
  object space 1084928K, 4% used [0x0000000781800000,0x000000078443b718,0x00000007c3b80000)
 PSPermGen       total 83968K, used 83966K [0x000000077c600000, 0x0000000781800000, 0x0000000781800000)
  object space 83968K, 99% used [0x000000077c600000,0x00000007817ff800,0x0000000781800000)
}
Event: 17912.179 GC heap before
{Heap before GC invocations=33 (full 11):
 PSYoungGen      total 660480K, used 0K [0x00000007d5d00000, 0x00000007ffc00000, 0x0000000800000000)
  eden space 634880K, 0% used [0x00000007d5d00000,0x00000007d5d00000,0x00000007fc900000)
  from space 25600K, 0% used [0x00000007fe300000,0x00000007fe300000,0x00000007ffc00000)
  to   space 26112K, 0% used [0x00000007fc900000,0x00000007fc900000,0x00000007fe280000)
 ParOldGen       total 1084928K, used 45293K [0x0000000781800000, 0x00000007c3b80000, 0x00000007d5d00000)
  object space 1084928K, 4% used [0x0000000781800000,0x000000078443b718,0x00000007c3b80000)
 PSPermGen       total 83968K, used 83966K [0x000000077c600000, 0x0000000781800000, 0x0000000781800000)
  object space 83968K, 99% used [0x000000077c600000,0x00000007817ff800,0x0000000781800000)
Event: 17912.432 GC heap after
Heap after GC invocations=33 (full 11):
 PSYoungGen      total 660480K, used 0K [0x00000007d5d00000, 0x00000007ffc00000, 0x0000000800000000)
  eden space 634880K, 0% used [0x00000007d5d00000,0x00000007d5d00000,0x00000007fc900000)
  from space 25600K, 0% used [0x00000007fe300000,0x00000007fe300000,0x00000007ffc00000)
  to   space 26112K, 0% used [0x00000007fc900000,0x00000007fc900000,0x00000007fe280000)
 ParOldGen       total 1307136K, used 45293K [0x0000000781800000, 0x00000007d1480000, 0x00000007d5d00000)
  object space 1307136K, 3% used [0x0000000781800000,0x000000078443b718,0x00000007d1480000)
 PSPermGen       total 83968K, used 83965K [0x000000077c600000, 0x0000000781800000, 0x0000000781800000)
  object space 83968K, 99% used [0x000000077c600000,0x00000007817ff7e0,0x0000000781800000)
}
Event: 17912.432 GC heap before
{Heap before GC invocations=34 (full 11):
 PSYoungGen      total 660480K, used 0K [0x00000007d5d00000, 0x00000007ffc00000, 0x0000000800000000)
  eden space 634880K, 0% used [0x00000007d5d00000,0x00000007d5d00000,0x00000007fc900000)
  from space 25600K, 0% used [0x00000007fe300000,0x00000007fe300000,0x00000007ffc00000)
  to   space 26112K, 0% used [0x00000007fc900000,0x00000007fc900000,0x00000007fe280000)
 ParOldGen       total 1307136K, used 45293K [0x0000000781800000, 0x00000007d1480000, 0x00000007d5d00000)
  object space 1307136K, 3% used [0x0000000781800000,0x000000078443b718,0x00000007d1480000)
 PSPermGen       total 83968K, used 83965K [0x000000077c600000, 0x0000000781800000, 0x0000000781800000)
  object space 83968K, 99% used [0x000000077c600000,0x00000007817ff7e0,0x0000000781800000)
Event: 17912.437 GC heap after
Heap after GC invocations=34 (full 11):
 PSYoungGen      total 660992K, used 0K [0x00000007d5d00000, 0x00000007ffe80000, 0x0000000800000000)
  eden space 634880K, 0% used [0x00000007d5d00000,0x00000007d5d00000,0x00000007fc900000)
  from space 26112K, 0% used [0x00000007fc900000,0x00000007fc900000,0x00000007fe280000)
  to   space 25088K, 0% used [0x00000007fe600000,0x00000007fe600000,0x00000007ffe80000)
 ParOldGen       total 1307136K, used 45293K [0x0000000781800000, 0x00000007d1480000, 0x00000007d5d00000)
  object space 1307136K, 3% used [0x0000000781800000,0x000000078443b718,0x00000007d1480000)
 PSPermGen       total 83968K, used 83965K [0x000000077c600000, 0x0000000781800000, 0x0000000781800000)
  object space 83968K, 99% used [0x000000077c600000,0x00000007817ff7e0,0x0000000781800000)
}
Event: 17912.437 GC heap before
{Heap before GC invocations=35 (full 12):
 PSYoungGen      total 660992K, used 0K [0x00000007d5d00000, 0x00000007ffe80000, 0x0000000800000000)
  eden space 634880K, 0% used [0x00000007d5d00000,0x00000007d5d00000,0x00000007fc900000)
  from space 26112K, 0% used [0x00000007fc900000,0x00000007fc900000,0x00000007fe280000)
  to   space 25088K, 0% used [0x00000007fe600000,0x00000007fe600000,0x00000007ffe80000)
 ParOldGen       total 1307136K, used 45293K [0x0000000781800000, 0x00000007d1480000, 0x00000007d5d00000)
  object space 1307136K, 3% used [0x0000000781800000,0x000000078443b718,0x00000007d1480000)
 PSPermGen       total 83968K, used 83965K [0x000000077c600000, 0x0000000781800000, 0x0000000781800000)
  object space 83968K, 99% used [0x000000077c600000,0x00000007817ff7e0,0x0000000781800000)
Event: 17912.684 GC heap after
Heap after GC invocations=35 (full 12):
 PSYoungGen      total 660992K, used 0K [0x00000007d5d00000, 0x00000007ffe80000, 0x0000000800000000)
  eden space 634880K, 0% used [0x00000007d5d00000,0x00000007d5d00000,0x00000007fc900000)
  from space 26112K, 0% used [0x00000007fc900000,0x00000007fc900000,0x00000007fe280000)
  to   space 25088K, 0% used [0x00000007fe600000,0x00000007fe600000,0x00000007ffe80000)
 ParOldGen       total 1381376K, used 45293K [0x0000000781800000, 0x00000007d5d00000, 0x00000007d5d00000)
  object space 1381376K, 3% used [0x0000000781800000,0x000000078443b718,0x00000007d5d00000)
 PSPermGen       total 83968K, used 83965K [0x000000077c600000, 0x0000000781800000, 0x0000000781800000)
  object space 83968K, 99% used [0x000000077c600000,0x00000007817ff7e0,0x0000000781800000)
}

